c:\users\cummi\documents\spring_2023\cse231\orbital\x64\debug\vc143.pdb
c:\users\cummi\documents\spring_2023\cse231\orbital\x64\debug\vc143.idb
c:\users\cummi\documents\spring_2023\cse231\orbital\x64\debug\velocity.obj
c:\users\cummi\documents\spring_2023\cse231\orbital\x64\debug\uiinteract.obj
c:\users\cummi\documents\spring_2023\cse231\orbital\x64\debug\uidraw.obj
c:\users\cummi\documents\spring_2023\cse231\orbital\x64\debug\testvelocity.obj
c:\users\cummi\documents\spring_2023\cse231\orbital\x64\debug\tests.obj
c:\users\cummi\documents\spring_2023\cse231\orbital\x64\debug\testposition.obj
c:\users\cummi\documents\spring_2023\cse231\orbital\x64\debug\testhelper.obj
c:\users\cummi\documents\spring_2023\cse231\orbital\x64\debug\testacceleration.obj
c:\users\cummi\documents\spring_2023\cse231\orbital\x64\debug\ship.obj
c:\users\cummi\documents\spring_2023\cse231\orbital\x64\debug\position.obj
c:\users\cummi\documents\spring_2023\cse231\orbital\x64\debug\physics.obj
c:\users\cummi\documents\spring_2023\cse231\orbital\x64\debug\orbitalobject.obj
c:\users\cummi\documents\spring_2023\cse231\orbital\x64\debug\main.obj
c:\users\cummi\documents\spring_2023\cse231\orbital\x64\debug\acceleration.obj
c:\users\cummi\documents\spring_2023\cse231\orbital\x64\debug\lab07.exe
c:\users\cummi\documents\spring_2023\cse231\orbital\x64\debug\lab07.ilk
c:\users\cummi\documents\spring_2023\cse231\orbital\x64\debug\lab07.pdb
c:\users\cummi\documents\spring_2023\cse231\orbital\x64\debug\lab07.tlog\cl.command.1.tlog
c:\users\cummi\documents\spring_2023\cse231\orbital\x64\debug\lab07.tlog\cl.items.tlog
c:\users\cummi\documents\spring_2023\cse231\orbital\x64\debug\lab07.tlog\cl.read.1.tlog
c:\users\cummi\documents\spring_2023\cse231\orbital\x64\debug\lab07.tlog\cl.write.1.tlog
c:\users\cummi\documents\spring_2023\cse231\orbital\x64\debug\lab07.tlog\link.command.1.tlog
c:\users\cummi\documents\spring_2023\cse231\orbital\x64\debug\lab07.tlog\link.read.1.tlog
c:\users\cummi\documents\spring_2023\cse231\orbital\x64\debug\lab07.tlog\link.write.1.tlog
